<?xml version="1.0" encoding="UTF-8"?>
<testng-results skipped="0" failed="0" ignored="0" total="1" passed="1">
  <reporter-output>
  </reporter-output>
  <suite name="Default suite" duration-ms="26736" started-at="2018-06-27T15:17:38Z" finished-at="2018-06-27T15:18:05Z">
    <groups>
    </groups>
    <test name="Default test" duration-ms="26736" started-at="2018-06-27T15:17:38Z" finished-at="2018-06-27T15:18:05Z">
      <class name="com.element.WebElements">
        <test-method status="PASS" signature="setUp()[pri:0, instance:com.element.WebElements@5ed88e31]" name="setUp" is-config="true" duration-ms="3910" started-at="2018-06-27T15:17:38Z" finished-at="2018-06-27T15:17:42Z">
          <reporter-output>
          </reporter-output>
        </test-method> <!-- setUp -->
        <test-method status="PASS" signature="WebElementExamples()[pri:0, instance:com.element.WebElements@5ed88e31]" name="WebElementExamples" duration-ms="22811" started-at="2018-06-27T15:17:42Z" finished-at="2018-06-27T15:18:05Z">
          <reporter-output>
          </reporter-output>
        </test-method> <!-- WebElementExamples -->
      </class> <!-- com.element.WebElements -->
    </test> <!-- Default test -->
  </suite> <!-- Default suite -->
</testng-results>
